
> web@0.1.0 build
> next build

Attention: Next.js now collects completely anonymous telemetry regarding usage.
This information is used to shape Next.js' roadmap and prioritize features.
You can learn more, including how to opt-out if you'd not like to participate in this anonymous program, by visiting the following URL:
https://nextjs.org/telemetry

  ▲ Next.js 14.2.35
  - Environments: .env.local

   Creating an optimized production build ...
(node:58063) [DEP0040] DeprecationWarning: The `punycode` module is deprecated. Please use a userland alternative instead.
(Use `node --trace-deprecation ...` to show where the warning was created)
(node:58119) [DEP0040] DeprecationWarning: The `punycode` module is deprecated. Please use a userland alternative instead.
(Use `node --trace-deprecation ...` to show where the warning was created)
 ✓ Compiled successfully
   Linting and checking validity of types ...
   Collecting page data ...
   Generating static pages (0/15) ...
   Generating static pages (3/15) 
   Generating static pages (7/15) 
   Generating static pages (11/15) 
 ✓ Generating static pages (15/15)
   Finalizing page optimization ...
   Collecting build traces ...

Route (app)                              Size     First Load JS
┌ ○ /                                    3.31 kB         105 kB
├ ○ /_not-found                          873 B          88.2 kB
├ ○ /admin/dashboard                     3.12 kB        99.2 kB
├ ○ /api/articles                        0 B                0 B
├ ○ /apply-reporter                      2.97 kB          99 kB
├ ƒ /article/[id]                        2.88 kB         104 kB
├ ○ /auth/google/callback                1.21 kB        88.5 kB
├ ○ /auth/register                       3.66 kB         105 kB
├ ○ /auth/register/agency                3.09 kB         104 kB
├ ○ /auth/register/journalist            3.31 kB         105 kB
├ ƒ /channel/[id]                        3.21 kB         112 kB
├ ○ /home                                9.56 kB         118 kB
├ ○ /preferences                         4.17 kB         105 kB
├ ○ /profile                             3.01 kB         104 kB
├ ƒ /profile/[username]                  3.36 kB        90.7 kB
└ ○ /support                             4.61 kB         106 kB
+ First Load JS shared by all            87.3 kB
  ├ chunks/1dd3208c-01b526758a6ae46a.js  53.6 kB
  ├ chunks/528-f5a057970ab3266a.js       31.7 kB
  └ other shared chunks (total)          1.95 kB


ƒ Middleware                             26.6 kB

○  (Static)   prerendered as static content
ƒ  (Dynamic)  server-rendered on demand

